<?xml version="1.0" encoding="UTF-8"?>
<testng-results ignored="2" total="4" passed="1" failed="1" skipped="0">
  <reporter-output>
    <line>
      <![CDATA[Launched the browser]]>
    </line>
    <line>
      <![CDATA[Navigated to URL]]>
    </line>
    <line>
      <![CDATA[Logged in to the app as QA Test]]>
    </line>
    <line>
      <![CDATA[Logged out from the app]]>
    </line>
    <line>
      <![CDATA[Logged in to the app as QA Test]]>
    </line>
    <line>
      <![CDATA[Order has been placed]]>
    </line>
    <line>
      <![CDATA[Logged out from the app]]>
    </line>
    <line>
      <![CDATA[CLosed the browser]]>
    </line>
  </reporter-output>
  <suite started-at="2022-10-01T14:32:47 IST" name="Suite" finished-at="2022-10-01T14:33:02 IST" duration-ms="14672">
    <groups>
    </groups>
    <test started-at="2022-10-01T14:32:47 IST" name="Test" finished-at="2022-10-01T14:33:02 IST" duration-ms="14672">
      <class name="com.qaselenium.tesnng.PlaceTheOrder">
        <test-method is-config="true" signature="configBC()[pri:0, instance:com.qaselenium.tesnng.PlaceTheOrder@18df8434]" started-at="2022-10-01T14:32:58 IST" name="configBC" finished-at="2022-10-01T14:32:59 IST" duration-ms="567" status="PASS">
          <reporter-output>
            <line>
              <![CDATA[Logged in to the app as QA Test]]>
            </line>
          </reporter-output>
        </test-method> <!-- configBC -->
        <test-method signature="placeTheOrderTest()[pri:0, instance:com.qaselenium.tesnng.PlaceTheOrder@18df8434]" started-at="2022-10-01T14:32:59 IST" name="placeTheOrderTest" finished-at="2022-10-01T14:32:59 IST" duration-ms="3" status="PASS">
          <reporter-output>
            <line>
              <![CDATA[Order has been placed]]>
            </line>
          </reporter-output>
        </test-method> <!-- placeTheOrderTest -->
        <test-method is-config="true" signature="configAC()[pri:0, instance:com.qaselenium.tesnng.PlaceTheOrder@18df8434]" started-at="2022-10-01T14:32:59 IST" name="configAC" finished-at="2022-10-01T14:33:01 IST" duration-ms="2607" status="PASS">
          <reporter-output>
            <line>
              <![CDATA[Logged out from the app]]>
            </line>
          </reporter-output>
        </test-method> <!-- configAC -->
      </class> <!-- com.qaselenium.tesnng.PlaceTheOrder -->
      <class name="com.qaselenium.tesnng.AddToCart">
        <test-method is-config="true" signature="configBT()[pri:0, instance:com.qaselenium.tesnng.AddToCart@6221a451]" started-at="2022-10-01T14:32:47 IST" name="configBT" finished-at="2022-10-01T14:32:53 IST" duration-ms="5748" status="PASS">
          <reporter-output>
            <line>
              <![CDATA[Launched the browser]]>
            </line>
            <line>
              <![CDATA[Navigated to URL]]>
            </line>
          </reporter-output>
        </test-method> <!-- configBT -->
        <test-method is-config="true" signature="configBC()[pri:0, instance:com.qaselenium.tesnng.AddToCart@6221a451]" started-at="2022-10-01T14:32:53 IST" name="configBC" finished-at="2022-10-01T14:32:53 IST" duration-ms="546" status="PASS">
          <reporter-output>
            <line>
              <![CDATA[Logged in to the app as QA Test]]>
            </line>
          </reporter-output>
        </test-method> <!-- configBC -->
        <test-method signature="addToCartTest()[pri:0, instance:com.qaselenium.tesnng.AddToCart@6221a451]" started-at="2022-10-01T14:32:53 IST" name="addToCartTest" finished-at="2022-10-01T14:32:54 IST" duration-ms="1227" status="FAIL">
          <exception class="org.openqa.selenium.ElementClickInterceptedException">
            <message>
              <![CDATA[element click intercepted: Element <a href="prod.html?idp_=3" class="hrefch">...</a> is not clickable at point (1123, 496). Other element would receive the click: <div class="modal fade show" id="logInModal" tabindex="-1" role="dialog" aria-labelledby="logInModalLabel" style="display: block;">...</div>
  (Session info: chrome=105.0.5195.127)
Build info: version: '4.1.2', revision: '9a5a329c5a'
System info: host: 'DESKTOP-26MPS93', ip: '192.168.1.100', os.name: 'Windows 10', os.arch: 'amd64', os.version: '10.0', java.version: '17.0.1'
Driver info: org.openqa.selenium.chrome.ChromeDriver
Command: [c289e080e997c70ec7220598cdc7a154, clickElement {id=a7131b82-b7a6-40de-8403-22cdb51fc3d8}]
Capabilities {acceptInsecureCerts: false, browserName: chrome, browserVersion: 105.0.5195.127, chrome: {chromedriverVersion: 104.0.5112.79 (3cf3e8c8a07d..., userDataDir: C:\Users\Samartha\AppData\L...}, goog:chromeOptions: {debuggerAddress: localhost:58788}, javascriptEnabled: true, networkConnectionEnabled: false, pageLoadStrategy: normal, platform: WINDOWS, platformName: WINDOWS, proxy: Proxy(), se:cdp: ws://localhost:58788/devtoo..., se:cdpVersion: 105.0.5195.127, setWindowRect: true, strictFileInteractability: false, timeouts: {implicit: 0, pageLoad: 300000, script: 30000}, unhandledPromptBehavior: dismiss and notify, webauthn:extension:credBlob: true, webauthn:extension:largeBlob: true, webauthn:virtualAuthenticators: true}
Element: [[ChromeDriver: chrome on WINDOWS (c289e080e997c70ec7220598cdc7a154)] -> xpath: //a[text()='Nexus 6']]
Session ID: c289e080e997c70ec7220598cdc7a154]]>
            </message>
            <full-stacktrace>
              <![CDATA[org.openqa.selenium.ElementClickInterceptedException: element click intercepted: Element <a href="prod.html?idp_=3" class="hrefch">...</a> is not clickable at point (1123, 496). Other element would receive the click: <div class="modal fade show" id="logInModal" tabindex="-1" role="dialog" aria-labelledby="logInModalLabel" style="display: block;">...</div>
  (Session info: chrome=105.0.5195.127)
Build info: version: '4.1.2', revision: '9a5a329c5a'
System info: host: 'DESKTOP-26MPS93', ip: '192.168.1.100', os.name: 'Windows 10', os.arch: 'amd64', os.version: '10.0', java.version: '17.0.1'
Driver info: org.openqa.selenium.chrome.ChromeDriver
Command: [c289e080e997c70ec7220598cdc7a154, clickElement {id=a7131b82-b7a6-40de-8403-22cdb51fc3d8}]
Capabilities {acceptInsecureCerts: false, browserName: chrome, browserVersion: 105.0.5195.127, chrome: {chromedriverVersion: 104.0.5112.79 (3cf3e8c8a07d..., userDataDir: C:\Users\Samartha\AppData\L...}, goog:chromeOptions: {debuggerAddress: localhost:58788}, javascriptEnabled: true, networkConnectionEnabled: false, pageLoadStrategy: normal, platform: WINDOWS, platformName: WINDOWS, proxy: Proxy(), se:cdp: ws://localhost:58788/devtoo..., se:cdpVersion: 105.0.5195.127, setWindowRect: true, strictFileInteractability: false, timeouts: {implicit: 0, pageLoad: 300000, script: 30000}, unhandledPromptBehavior: dismiss and notify, webauthn:extension:credBlob: true, webauthn:extension:largeBlob: true, webauthn:virtualAuthenticators: true}
Element: [[ChromeDriver: chrome on WINDOWS (c289e080e997c70ec7220598cdc7a154)] -> xpath: //a[text()='Nexus 6']]
Session ID: c289e080e997c70ec7220598cdc7a154
at java.base/jdk.internal.reflect.NativeConstructorAccessorImpl.newInstance0(Native Method)
at java.base/jdk.internal.reflect.NativeConstructorAccessorImpl.newInstance(NativeConstructorAccessorImpl.java:77)
at java.base/jdk.internal.reflect.DelegatingConstructorAccessorImpl.newInstance(DelegatingConstructorAccessorImpl.java:45)
at java.base/java.lang.reflect.Constructor.newInstanceWithCaller(Constructor.java:499)
at java.base/java.lang.reflect.Constructor.newInstance(Constructor.java:480)
at org.openqa.selenium.remote.codec.w3c.W3CHttpResponseCodec.createException(W3CHttpResponseCodec.java:200)
at org.openqa.selenium.remote.codec.w3c.W3CHttpResponseCodec.decode(W3CHttpResponseCodec.java:133)
at org.openqa.selenium.remote.codec.w3c.W3CHttpResponseCodec.decode(W3CHttpResponseCodec.java:53)
at org.openqa.selenium.remote.HttpCommandExecutor.execute(HttpCommandExecutor.java:184)
at org.openqa.selenium.remote.service.DriverCommandExecutor.invokeExecute(DriverCommandExecutor.java:167)
at org.openqa.selenium.remote.service.DriverCommandExecutor.execute(DriverCommandExecutor.java:142)
at org.openqa.selenium.remote.RemoteWebDriver.execute(RemoteWebDriver.java:558)
at org.openqa.selenium.remote.RemoteWebElement.execute(RemoteWebElement.java:251)
at org.openqa.selenium.remote.RemoteWebElement.click(RemoteWebElement.java:77)
at com.qaselenium.tesnng.AddToCart.addToCartTest(AddToCart.java:20)
at java.base/jdk.internal.reflect.NativeMethodAccessorImpl.invoke0(Native Method)
at java.base/jdk.internal.reflect.NativeMethodAccessorImpl.invoke(NativeMethodAccessorImpl.java:77)
at java.base/jdk.internal.reflect.DelegatingMethodAccessorImpl.invoke(DelegatingMethodAccessorImpl.java:43)
at java.base/java.lang.reflect.Method.invoke(Method.java:568)
at org.testng.internal.MethodInvocationHelper.invokeMethod(MethodInvocationHelper.java:133)
at org.testng.internal.TestInvoker.invokeMethod(TestInvoker.java:598)
at org.testng.internal.TestInvoker.invokeTestMethod(TestInvoker.java:173)
at org.testng.internal.MethodRunner.runInSequence(MethodRunner.java:46)
at org.testng.internal.TestInvoker$MethodInvocationAgent.invoke(TestInvoker.java:824)
at org.testng.internal.TestInvoker.invokeTestMethods(TestInvoker.java:146)
at org.testng.internal.TestMethodWorker.invokeTestMethods(TestMethodWorker.java:146)
at org.testng.internal.TestMethodWorker.run(TestMethodWorker.java:128)
at java.base/java.util.ArrayList.forEach(ArrayList.java:1511)
at org.testng.TestRunner.privateRun(TestRunner.java:794)
at org.testng.TestRunner.run(TestRunner.java:596)
at org.testng.SuiteRunner.runTest(SuiteRunner.java:377)
at org.testng.SuiteRunner.runSequentially(SuiteRunner.java:371)
at org.testng.SuiteRunner.privateRun(SuiteRunner.java:332)
at org.testng.SuiteRunner.run(SuiteRunner.java:276)
at org.testng.SuiteRunnerWorker.runSuite(SuiteRunnerWorker.java:53)
at org.testng.SuiteRunnerWorker.run(SuiteRunnerWorker.java:96)
at org.testng.TestNG.runSuitesSequentially(TestNG.java:1212)
at org.testng.TestNG.runSuitesLocally(TestNG.java:1134)
at org.testng.TestNG.runSuites(TestNG.java:1063)
at org.testng.TestNG.run(TestNG.java:1031)
at org.testng.remote.AbstractRemoteTestNG.run(AbstractRemoteTestNG.java:115)
at org.testng.remote.RemoteTestNG.initAndRun(RemoteTestNG.java:251)
at org.testng.remote.RemoteTestNG.main(RemoteTestNG.java:77)
]]>
            </full-stacktrace>
          </exception> <!-- org.openqa.selenium.ElementClickInterceptedException -->
          <reporter-output>
          </reporter-output>
        </test-method> <!-- addToCartTest -->
        <test-method is-config="true" signature="configAC()[pri:0, instance:com.qaselenium.tesnng.AddToCart@6221a451]" started-at="2022-10-01T14:32:54 IST" name="configAC" finished-at="2022-10-01T14:32:58 IST" duration-ms="3590" status="PASS">
          <reporter-output>
            <line>
              <![CDATA[Logged out from the app]]>
            </line>
          </reporter-output>
        </test-method> <!-- configAC -->
        <test-method is-config="true" signature="configAT()[pri:0, instance:com.qaselenium.tesnng.AddToCart@6221a451]" started-at="2022-10-01T14:33:01 IST" name="configAT" finished-at="2022-10-01T14:33:02 IST" duration-ms="328" status="PASS">
          <reporter-output>
            <line>
              <![CDATA[CLosed the browser]]>
            </line>
          </reporter-output>
        </test-method> <!-- configAT -->
      </class> <!-- com.qaselenium.tesnng.AddToCart -->
    </test> <!-- Test -->
  </suite> <!-- Suite -->
</testng-results>
