<?xml version="1.0" encoding="UTF-8"?>
<!-- Generated by org.testng.reporters.JUnitXMLReporter -->
<testsuite ignored="2" hostname="DESKTOP-26MPS93" failures="0" tests="2" name="Tests" time="10.477" errors="0" timestamp="2022-04-05T09:24:08 IST">
  <testcase classname="com.qaselenium.tesnng.Base" name="@BeforeClass configBC" time="0.0">
    <failure type="java.lang.NullPointerException" message="Cannot invoke &amp;quot;org.openqa.selenium.WebDriver.findElement(org.openqa.selenium.By)&amp;quot; because &amp;quot;this.driver&amp;quot; is null">
      <![CDATA[java.lang.NullPointerException: Cannot invoke "org.openqa.selenium.WebDriver.findElement(org.openqa.selenium.By)" because "this.driver" is null
at com.qaselenium.tesnng.Base.configBC(Base.java:40)
at java.base/java.util.ArrayList.forEach(ArrayList.java:1511)
... Removed 25 stack frames]]>
    </failure>
  </testcase> <!-- @BeforeClass configBC -->
  <testcase classname="com.qaselenium.tesnng.Base" name="@AfterClass configAC" time="-1.649130848748E9">
    <skipped/>
  </testcase> <!-- @AfterClass configAC -->
  <testcase classname="com.qaselenium.tesnng.AddToCart" name="addToCartTest" time="5.465"/>
  <testcase classname="com.qaselenium.tesnng.PlaceTheOrder" name="placeTheOrderTest" time="0.0">
    <skipped/>
  </testcase> <!-- placeTheOrderTest -->
  <testcase classname="com.qaselenium.tesnng.Base" name="@BeforeTest configBS" time="0.0">
    <ignored/>
  </testcase> <!-- @BeforeTest configBS -->
  <testcase classname="com.qaselenium.tesnng.Base" name="@AfterTest configAS" time="0.0">
    <ignored/>
  </testcase> <!-- @AfterTest configAS -->
</testsuite> <!-- Tests -->
